[2022-04-19 23:32:43.814] [main] [info] window#load: attempt to load window (id: 1)
[2022-04-19 23:32:43.896] [main] [info] window#load: attempt to load window (id: 2)
[2022-04-19 23:32:43.916] [main] [info] update#setState idle
[2022-04-19 23:32:43.949] [main] [info] ExtensionHostStarterWorker created
[2022-04-19 23:32:44.698] [main] [info] window#load: window reported ready (id: 1)
[2022-04-19 23:32:44.752] [main] [info] window#load: window reported ready (id: 2)
[2022-04-19 23:32:44.845] [main] [info] Starting extension host with pid 5824 (fork() took 6 ms).
[2022-04-19 23:32:44.845] [main] [info] ExtensionHostStarterWorker.start() took 6 ms.
[2022-04-19 23:32:44.963] [main] [info] Starting extension host with pid 5840 (fork() took 4 ms).
[2022-04-19 23:32:44.963] [main] [info] ExtensionHostStarterWorker.start() took 5 ms.
[2022-04-19 23:33:13.920] [main] [info] update#setState checking for updates
[2022-04-19 23:33:14.203] [main] [info] update#setState idle
[2022-04-19 23:36:30.614] [main] [info] Extension host with pid 5824 exited with code: 0, signal: null.
[2022-04-20 00:33:13.922] [main] [info] update#setState checking for updates
[2022-04-20 00:33:14.321] [main] [info] update#setState idle
[2022-04-20 01:33:13.931] [main] [info] update#setState checking for updates
[2022-04-20 01:33:14.306] [main] [info] update#setState idle
[2022-04-20 01:38:56.853] [main] [info] Extension host with pid 5840 exited with code: null, signal: SIGHUP.
[2022-04-20 01:38:56.915] [main] [error] [uncaught exception in main]: Error: SharedProcess: crashed (detail: killed, code: 15)
[2022-04-20 01:38:56.915] [main] [error] Error: SharedProcess: crashed (detail: killed, code: 15)
    at /usr/share/codium/resources/app/out/vs/code/electron-main/main.js:75:74162
    at h.invoke (/usr/share/codium/resources/app/out/vs/code/electron-main/main.js:16:145)
    at S.fire (/usr/share/codium/resources/app/out/vs/code/electron-main/main.js:16:1856)
    at /usr/share/codium/resources/app/out/vs/code/electron-main/main.js:14:54566
    at h.invoke (/usr/share/codium/resources/app/out/vs/code/electron-main/main.js:16:145)
    at S.fire (/usr/share/codium/resources/app/out/vs/code/electron-main/main.js:16:1856)
    at EventEmitter.<anonymous> (/usr/share/codium/resources/app/out/vs/code/electron-main/main.js:74:7427)
    at EventEmitter.emit (node:events:402:35)
[2022-04-20 01:38:56.920] [main] [error] CodeWindow: renderer process crashed (reason: killed, code: 15)
