2022-04-18 23:22:02 Loading main app package /tmp/.mount_ObsidiyLbx9V/resources/obsidian.asar
2022-04-18 23:22:02 Checking for update using Github
2022-04-18 23:22:03 Success.
2022-04-18 23:22:03 Latest version is 0.14.6
2022-04-18 23:22:03 App is up to date.
2022-04-18 23:26:42 Loading main app package /tmp/.mount_Obsidi9c2z1O/resources/obsidian.asar
2022-04-18 23:26:42 Checking for update using Github
2022-04-18 23:26:43 Success.
2022-04-18 23:26:43 Latest version is 0.14.6
2022-04-18 23:26:43 App is up to date.
2022-04-21 10:31:10 Loading main app package /tmp/.mount_Obsidi7pP9Tl/resources/obsidian.asar
2022-04-21 10:31:10 Checking for update using Github
2022-04-21 10:31:10 Success.
2022-04-21 10:31:10 Latest version is 0.14.6
2022-04-21 10:31:10 App is up to date.
2022-04-22 23:25:28 Loading main app package /tmp/.mount_ObsidiDKkJq2/resources/obsidian.asar
2022-04-22 23:25:28 Checking for update using Github
2022-04-22 23:25:28 Success.
2022-04-22 23:25:28 Latest version is 0.14.6
2022-04-22 23:25:28 App is up to date.
2022-04-23 10:42:35 Loading main app package /tmp/.mount_ObsidiKg1B30/resources/obsidian.asar
2022-04-23 10:42:35 Checking for update using Github
2022-04-23 10:42:35 Success.
2022-04-23 10:42:35 Latest version is 0.14.6
2022-04-23 10:42:35 App is up to date.
2022-04-23 12:44:08 Loading main app package /tmp/.mount_ObsidizJdQdm/resources/obsidian.asar
2022-04-23 12:44:08 Checking for update using Github
2022-04-23 12:44:08 Success.
2022-04-23 12:44:08 Latest version is 0.14.6
2022-04-23 12:44:08 App is up to date.
