[2022-04-23 14:37:35.331] [main] [info] window#load: attempt to load window (id: 1)
[2022-04-23 14:37:35.338] [main] [info] update#setState idle
[2022-04-23 14:37:35.360] [main] [info] ExtensionHostStarterWorker created
[2022-04-23 14:37:35.975] [main] [info] window#load: window reported ready (id: 1)
[2022-04-23 14:37:36.059] [main] [info] Starting extension host with pid 5428 (fork() took 17 ms).
[2022-04-23 14:37:36.059] [main] [info] ExtensionHostStarterWorker.start() took 18 ms.
[2022-04-23 14:38:05.339] [main] [info] update#setState checking for updates
[2022-04-23 14:38:05.579] [main] [info] update#setState idle
[2022-04-23 14:41:32.583] [main] [info] Extension host with pid 5428 exited with code: null, signal: SIGHUP.
[2022-04-23 14:41:32.652] [main] [error] [uncaught exception in main]: Error: SharedProcess: crashed (detail: killed, code: 15)
[2022-04-23 14:41:32.652] [main] [error] Error: SharedProcess: crashed (detail: killed, code: 15)
    at /usr/share/codium/resources/app/out/vs/code/electron-main/main.js:75:74162
    at h.invoke (/usr/share/codium/resources/app/out/vs/code/electron-main/main.js:16:145)
    at S.fire (/usr/share/codium/resources/app/out/vs/code/electron-main/main.js:16:1856)
    at /usr/share/codium/resources/app/out/vs/code/electron-main/main.js:14:54566
    at h.invoke (/usr/share/codium/resources/app/out/vs/code/electron-main/main.js:16:145)
    at S.fire (/usr/share/codium/resources/app/out/vs/code/electron-main/main.js:16:1856)
    at EventEmitter.<anonymous> (/usr/share/codium/resources/app/out/vs/code/electron-main/main.js:74:7427)
    at EventEmitter.emit (node:events:402:35)
[2022-04-23 14:41:32.654] [main] [error] CodeWindow: renderer process crashed (reason: killed, code: 15)
